<?xml version="1.0" encoding="UTF-8"?>
<coverage generated="1691093370753" clover="3.2.0">
  <project timestamp="1691093370753" name="All files">
    <metrics statements="72" coveredstatements="51" conditionals="33" coveredconditionals="15" methods="18" coveredmethods="15" elements="123" coveredelements="81" complexity="0" loc="72" ncloc="72" packages="1" files="1" classes="1"/>
    <file name="sensors.js" path="/Users/andresaunders/Documents/JobSearch/PingThings/hw/src/sensors.js">
      <metrics statements="72" coveredstatements="51" conditionals="33" coveredconditionals="15" methods="18" coveredmethods="15"/>
      <line num="11" count="1" type="stmt"/>
      <line num="13" count="1" type="stmt"/>
      <line num="16" count="1" type="stmt"/>
      <line num="23" count="0" type="stmt"/>
      <line num="25" count="0" type="stmt"/>
      <line num="27" count="0" type="stmt"/>
      <line num="32" count="0" type="stmt"/>
      <line num="35" count="0" type="stmt"/>
      <line num="46" count="1" type="stmt"/>
      <line num="55" count="3" type="stmt"/>
      <line num="60" count="2" type="stmt"/>
      <line num="62" count="2" type="stmt"/>
      <line num="70" count="4" type="stmt"/>
      <line num="80" count="16" type="stmt"/>
      <line num="82" count="16" type="cond" truecount="2" falsecount="0"/>
      <line num="84" count="1" type="stmt"/>
      <line num="86" count="15" type="cond" truecount="4" falsecount="0"/>
      <line num="88" count="3" type="stmt"/>
      <line num="90" count="12" type="cond" truecount="2" falsecount="0"/>
      <line num="92" count="1" type="stmt"/>
      <line num="95" count="16" type="stmt"/>
      <line num="105" count="11" type="stmt"/>
      <line num="107" count="11" type="cond" truecount="1" falsecount="1"/>
      <line num="109" count="0" type="stmt"/>
      <line num="111" count="0" type="stmt"/>
      <line num="114" count="11" type="stmt"/>
      <line num="119" count="10" type="stmt"/>
      <line num="124" count="2" type="stmt"/>
      <line num="126" count="2" type="stmt"/>
      <line num="128" count="2" type="stmt"/>
      <line num="130" count="2" type="stmt"/>
      <line num="137" count="5" type="stmt"/>
      <line num="144" count="3" type="stmt"/>
      <line num="146" count="3" type="stmt"/>
      <line num="148" count="3" type="stmt"/>
      <line num="150" count="3" type="stmt"/>
      <line num="152" count="3" type="stmt"/>
      <line num="154" count="3" type="stmt"/>
      <line num="156" count="3" type="stmt"/>
      <line num="158" count="3" type="stmt"/>
      <line num="160" count="3" type="stmt"/>
      <line num="162" count="3" type="stmt"/>
      <line num="172" count="1" type="stmt"/>
      <line num="174" count="1" type="stmt"/>
      <line num="176" count="1" type="stmt"/>
      <line num="178" count="1" type="stmt"/>
      <line num="180" count="1" type="stmt"/>
      <line num="201" count="5" type="stmt"/>
      <line num="206" count="0" type="stmt"/>
      <line num="208" count="0" type="cond" truecount="0" falsecount="2"/>
      <line num="210" count="0" type="stmt"/>
      <line num="213" count="0" type="stmt"/>
      <line num="218" count="2" type="stmt"/>
      <line num="220" count="2" type="stmt"/>
      <line num="225" count="6" type="cond" truecount="2" falsecount="0"/>
      <line num="227" count="3" type="stmt"/>
      <line num="230" count="3" type="stmt"/>
      <line num="235" count="0" type="stmt"/>
      <line num="237" count="0" type="cond" truecount="0" falsecount="2"/>
      <line num="239" count="0" type="stmt"/>
      <line num="241" count="0" type="stmt"/>
      <line num="244" count="0" type="stmt"/>
      <line num="246" count="0" type="stmt"/>
      <line num="248" count="0" type="stmt"/>
      <line num="250" count="0" type="stmt"/>
      <line num="252" count="0" type="cond" truecount="0" falsecount="2"/>
      <line num="255" count="0" type="stmt"/>
      <line num="260" count="1" type="stmt"/>
      <line num="262" count="1" type="stmt"/>
      <line num="264" count="5" type="stmt"/>
      <line num="267" count="1" type="stmt"/>
      <line num="270" count="1" type="stmt"/>
    </file>
  </project>
</coverage>
