{"/Users/andresaunders/Documents/JobSearch/PingThings/hw/src/sensors.js": {"path":"/Users/andresaunders/Documents/JobSearch/PingThings/hw/src/sensors.js","statementMap":{"0":{"start":{"line":11,"column":27},"end":{"line":11,"column":61}},"1":{"start":{"line":13,"column":32},"end":{"line":13,"column":58}},"2":{"start":{"line":16,"column":23},"end":{"line":16,"column":24}},"3":{"start":{"line":23,"column":18},"end":{"line":23,"column":20}},"4":{"start":{"line":25,"column":4},"end":{"line":33,"column":5}},"5":{"start":{"line":25,"column":27},"end":{"line":25,"column":28}},"6":{"start":{"line":27,"column":21},"end":{"line":30,"column":10}},"7":{"start":{"line":32,"column":8},"end":{"line":32,"column":29}},"8":{"start":{"line":35,"column":4},"end":{"line":35,"column":19}},"9":{"start":{"line":46,"column":3},"end":{"line":50,"column":5}},"10":{"start":{"line":55,"column":4},"end":{"line":55,"column":36}},"11":{"start":{"line":60,"column":29},"end":{"line":60,"column":31}},"12":{"start":{"line":62,"column":4},"end":{"line":62,"column":71}},"13":{"start":{"line":70,"column":4},"end":{"line":70,"column":87}},"14":{"start":{"line":80,"column":24},"end":{"line":80,"column":29}},"15":{"start":{"line":82,"column":4},"end":{"line":93,"column":5}},"16":{"start":{"line":84,"column":8},"end":{"line":84,"column":50}},"17":{"start":{"line":86,"column":9},"end":{"line":93,"column":5}},"18":{"start":{"line":88,"column":8},"end":{"line":88,"column":58}},"19":{"start":{"line":90,"column":9},"end":{"line":93,"column":5}},"20":{"start":{"line":92,"column":8},"end":{"line":92,"column":44}},"21":{"start":{"line":95,"column":4},"end":{"line":95,"column":25}},"22":{"start":{"line":105,"column":33},"end":{"line":105,"column":65}},"23":{"start":{"line":107,"column":4},"end":{"line":112,"column":5}},"24":{"start":{"line":109,"column":8},"end":{"line":109,"column":29}},"25":{"start":{"line":111,"column":8},"end":{"line":111,"column":15}},"26":{"start":{"line":114,"column":4},"end":{"line":114,"column":45}},"27":{"start":{"line":119,"column":4},"end":{"line":119,"column":45}},"28":{"start":{"line":124,"column":21},"end":{"line":124,"column":30}},"29":{"start":{"line":126,"column":25},"end":{"line":126,"column":41}},"30":{"start":{"line":128,"column":23},"end":{"line":128,"column":65}},"31":{"start":{"line":130,"column":4},"end":{"line":130,"column":36}},"32":{"start":{"line":137,"column":4},"end":{"line":137,"column":86}},"33":{"start":{"line":144,"column":38},"end":{"line":144,"column":57}},"34":{"start":{"line":146,"column":24},"end":{"line":146,"column":54}},"35":{"start":{"line":148,"column":25},"end":{"line":148,"column":55}},"36":{"start":{"line":150,"column":41},"end":{"line":150,"column":76}},"37":{"start":{"line":152,"column":40},"end":{"line":152,"column":74}},"38":{"start":{"line":154,"column":27},"end":{"line":154,"column":71}},"39":{"start":{"line":156,"column":26},"end":{"line":156,"column":69}},"40":{"start":{"line":158,"column":30},"end":{"line":158,"column":74}},"41":{"start":{"line":160,"column":29},"end":{"line":160,"column":72}},"42":{"start":{"line":162,"column":4},"end":{"line":167,"column":5}},"43":{"start":{"line":172,"column":31},"end":{"line":172,"column":32}},"44":{"start":{"line":174,"column":87},"end":{"line":174,"column":131}},"45":{"start":{"line":176,"column":34},"end":{"line":176,"column":113}},"46":{"start":{"line":178,"column":33},"end":{"line":178,"column":111}},"47":{"start":{"line":180,"column":4},"end":{"line":193,"column":6}},"48":{"start":{"line":201,"column":4},"end":{"line":201,"column":87}},"49":{"start":{"line":206,"column":16},"end":{"line":206,"column":21}},"50":{"start":{"line":208,"column":4},"end":{"line":211,"column":5}},"51":{"start":{"line":210,"column":8},"end":{"line":210,"column":56}},"52":{"start":{"line":213,"column":4},"end":{"line":213,"column":17}},"53":{"start":{"line":218,"column":27},"end":{"line":218,"column":29}},"54":{"start":{"line":220,"column":4},"end":{"line":220,"column":66}},"55":{"start":{"line":225,"column":4},"end":{"line":228,"column":5}},"56":{"start":{"line":227,"column":8},"end":{"line":227,"column":19}},"57":{"start":{"line":230,"column":4},"end":{"line":230,"column":64}},"58":{"start":{"line":235,"column":16},"end":{"line":235,"column":42}},"59":{"start":{"line":237,"column":4},"end":{"line":242,"column":5}},"60":{"start":{"line":239,"column":8},"end":{"line":239,"column":21}},"61":{"start":{"line":241,"column":8},"end":{"line":241,"column":15}},"62":{"start":{"line":244,"column":25},"end":{"line":244,"column":27}},"63":{"start":{"line":246,"column":36},"end":{"line":246,"column":37}},"64":{"start":{"line":248,"column":4},"end":{"line":253,"column":5}},"65":{"start":{"line":248,"column":24},"end":{"line":248,"column":25}},"66":{"start":{"line":250,"column":28},"end":{"line":250,"column":61}},"67":{"start":{"line":252,"column":8},"end":{"line":252,"column":79}},"68":{"start":{"line":255,"column":4},"end":{"line":255,"column":26}},"69":{"start":{"line":260,"column":15},"end":{"line":260,"column":17}},"70":{"start":{"line":262,"column":4},"end":{"line":265,"column":5}},"71":{"start":{"line":262,"column":24},"end":{"line":262,"column":25}},"72":{"start":{"line":264,"column":8},"end":{"line":264,"column":54}},"73":{"start":{"line":267,"column":4},"end":{"line":267,"column":16}},"74":{"start":{"line":270,"column":0},"end":{"line":288,"column":1}}},"fnMap":{"0":{"name":"createTestSensorData","decl":{"start":{"line":18,"column":9},"end":{"line":18,"column":29}},"loc":{"start":{"line":21,"column":2},"end":{"line":36,"column":1}},"line":21},"1":{"name":"createTestSensorDatum","decl":{"start":{"line":38,"column":9},"end":{"line":38,"column":30}},"loc":{"start":{"line":44,"column":2},"end":{"line":51,"column":1}},"line":44},"2":{"name":"createName","decl":{"start":{"line":53,"column":9},"end":{"line":53,"column":19}},"loc":{"start":{"line":53,"column":35},"end":{"line":56,"column":1}},"line":53},"3":{"name":"formatName","decl":{"start":{"line":58,"column":9},"end":{"line":58,"column":19}},"loc":{"start":{"line":58,"column":27},"end":{"line":63,"column":3}},"line":58},"4":{"name":"createLocation","decl":{"start":{"line":65,"column":9},"end":{"line":65,"column":23}},"loc":{"start":{"line":68,"column":2},"end":{"line":71,"column":1}},"line":68},"5":{"name":"validateCoordinate","decl":{"start":{"line":73,"column":9},"end":{"line":73,"column":27}},"loc":{"start":{"line":78,"column":2},"end":{"line":96,"column":1}},"line":78},"6":{"name":"createCoordinate","decl":{"start":{"line":98,"column":9},"end":{"line":98,"column":25}},"loc":{"start":{"line":103,"column":2},"end":{"line":115,"column":1}},"line":103},"7":{"name":"randomInRange","decl":{"start":{"line":117,"column":9},"end":{"line":117,"column":22}},"loc":{"start":{"line":117,"column":34},"end":{"line":120,"column":1}},"line":117},"8":{"name":"getRandomDirection","decl":{"start":{"line":122,"column":9},"end":{"line":122,"column":27}},"loc":{"start":{"line":122,"column":30},"end":{"line":131,"column":1}},"line":122},"9":{"name":"createLatitude","decl":{"start":{"line":133,"column":9},"end":{"line":133,"column":23}},"loc":{"start":{"line":136,"column":2},"end":{"line":138,"column":1}},"line":136},"10":{"name":"parseLongitudeLatitude","decl":{"start":{"line":140,"column":9},"end":{"line":140,"column":31}},"loc":{"start":{"line":140,"column":43},"end":{"line":168,"column":1}},"line":140},"11":{"name":"formatLocation","decl":{"start":{"line":170,"column":9},"end":{"line":170,"column":23}},"loc":{"start":{"line":170,"column":35},"end":{"line":194,"column":1}},"line":170},"12":{"name":"createLongitude","decl":{"start":{"line":196,"column":9},"end":{"line":196,"column":24}},"loc":{"start":{"line":199,"column":2},"end":{"line":202,"column":1}},"line":199},"13":{"name":"validateTags","decl":{"start":{"line":204,"column":9},"end":{"line":204,"column":21}},"loc":{"start":{"line":204,"column":29},"end":{"line":214,"column":1}},"line":204},"14":{"name":"formatTag","decl":{"start":{"line":216,"column":9},"end":{"line":216,"column":18}},"loc":{"start":{"line":216,"column":25},"end":{"line":221,"column":1}},"line":216},"15":{"name":"truncateString","decl":{"start":{"line":223,"column":9},"end":{"line":223,"column":23}},"loc":{"start":{"line":223,"column":42},"end":{"line":231,"column":1}},"line":223},"16":{"name":"formatTags","decl":{"start":{"line":233,"column":9},"end":{"line":233,"column":19}},"loc":{"start":{"line":233,"column":27},"end":{"line":256,"column":1}},"line":233},"17":{"name":"createListOfTags","decl":{"start":{"line":258,"column":9},"end":{"line":258,"column":25}},"loc":{"start":{"line":258,"column":51},"end":{"line":268,"column":1}},"line":258}},"branchMap":{"0":{"loc":{"start":{"line":19,"column":4},"end":{"line":19,"column":20}},"type":"default-arg","locations":[{"start":{"line":19,"column":18},"end":{"line":19,"column":20}}],"line":19},"1":{"loc":{"start":{"line":20,"column":4},"end":{"line":20,"column":27}},"type":"default-arg","locations":[{"start":{"line":20,"column":26},"end":{"line":20,"column":27}}],"line":20},"2":{"loc":{"start":{"line":47,"column":14},"end":{"line":47,"column":62}},"type":"cond-expr","locations":[{"start":{"line":47,"column":29},"end":{"line":47,"column":33}},{"start":{"line":47,"column":36},"end":{"line":47,"column":62}}],"line":47},"3":{"loc":{"start":{"line":48,"column":18},"end":{"line":48,"column":67}},"type":"cond-expr","locations":[{"start":{"line":48,"column":38},"end":{"line":48,"column":46}},{"start":{"line":48,"column":49},"end":{"line":48,"column":67}}],"line":48},"4":{"loc":{"start":{"line":49,"column":14},"end":{"line":49,"column":113}},"type":"cond-expr","locations":[{"start":{"line":49,"column":29},"end":{"line":49,"column":33}},{"start":{"line":49,"column":36},"end":{"line":49,"column":113}}],"line":49},"5":{"loc":{"start":{"line":66,"column":4},"end":{"line":66,"column":25}},"type":"default-arg","locations":[{"start":{"line":66,"column":23},"end":{"line":66,"column":25}}],"line":66},"6":{"loc":{"start":{"line":67,"column":4},"end":{"line":67,"column":26}},"type":"default-arg","locations":[{"start":{"line":67,"column":24},"end":{"line":67,"column":26}}],"line":67},"7":{"loc":{"start":{"line":82,"column":4},"end":{"line":93,"column":5}},"type":"if","locations":[{"start":{"line":82,"column":4},"end":{"line":93,"column":5}},{"start":{"line":86,"column":9},"end":{"line":93,"column":5}}],"line":82},"8":{"loc":{"start":{"line":86,"column":9},"end":{"line":93,"column":5}},"type":"if","locations":[{"start":{"line":86,"column":9},"end":{"line":93,"column":5}},{"start":{"line":90,"column":9},"end":{"line":93,"column":5}}],"line":86},"9":{"loc":{"start":{"line":86,"column":12},"end":{"line":86,"column":62}},"type":"binary-expr","locations":[{"start":{"line":86,"column":12},"end":{"line":86,"column":37}},{"start":{"line":86,"column":41},"end":{"line":86,"column":62}}],"line":86},"10":{"loc":{"start":{"line":90,"column":9},"end":{"line":93,"column":5}},"type":"if","locations":[{"start":{"line":90,"column":9},"end":{"line":93,"column":5}},{"start":{},"end":{}}],"line":90},"11":{"loc":{"start":{"line":102,"column":4},"end":{"line":102,"column":32}},"type":"default-arg","locations":[{"start":{"line":102,"column":27},"end":{"line":102,"column":32}}],"line":102},"12":{"loc":{"start":{"line":107,"column":4},"end":{"line":112,"column":5}},"type":"if","locations":[{"start":{"line":107,"column":4},"end":{"line":112,"column":5}},{"start":{},"end":{}}],"line":107},"13":{"loc":{"start":{"line":134,"column":4},"end":{"line":134,"column":45}},"type":"default-arg","locations":[{"start":{"line":134,"column":13},"end":{"line":134,"column":45}}],"line":134},"14":{"loc":{"start":{"line":135,"column":4},"end":{"line":135,"column":43}},"type":"default-arg","locations":[{"start":{"line":135,"column":16},"end":{"line":135,"column":43}}],"line":135},"15":{"loc":{"start":{"line":197,"column":4},"end":{"line":197,"column":46}},"type":"default-arg","locations":[{"start":{"line":197,"column":13},"end":{"line":197,"column":46}}],"line":197},"16":{"loc":{"start":{"line":198,"column":4},"end":{"line":198,"column":43}},"type":"default-arg","locations":[{"start":{"line":198,"column":16},"end":{"line":198,"column":43}}],"line":198},"17":{"loc":{"start":{"line":208,"column":4},"end":{"line":211,"column":5}},"type":"if","locations":[{"start":{"line":208,"column":4},"end":{"line":211,"column":5}},{"start":{},"end":{}}],"line":208},"18":{"loc":{"start":{"line":225,"column":4},"end":{"line":228,"column":5}},"type":"if","locations":[{"start":{"line":225,"column":4},"end":{"line":228,"column":5}},{"start":{},"end":{}}],"line":225},"19":{"loc":{"start":{"line":237,"column":4},"end":{"line":242,"column":5}},"type":"if","locations":[{"start":{"line":237,"column":4},"end":{"line":242,"column":5}},{"start":{},"end":{}}],"line":237},"20":{"loc":{"start":{"line":252,"column":26},"end":{"line":252,"column":78}},"type":"cond-expr","locations":[{"start":{"line":252,"column":42},"end":{"line":252,"column":55}},{"start":{"line":252,"column":58},"end":{"line":252,"column":78}}],"line":252}},"s":{"0":1,"1":1,"2":1,"3":0,"4":0,"5":0,"6":0,"7":0,"8":0,"9":1,"10":3,"11":2,"12":2,"13":4,"14":16,"15":16,"16":1,"17":15,"18":3,"19":12,"20":1,"21":16,"22":11,"23":11,"24":0,"25":0,"26":11,"27":10,"28":2,"29":2,"30":2,"31":2,"32":5,"33":3,"34":3,"35":3,"36":3,"37":3,"38":3,"39":3,"40":3,"41":3,"42":3,"43":1,"44":1,"45":1,"46":1,"47":1,"48":5,"49":0,"50":0,"51":0,"52":0,"53":2,"54":2,"55":6,"56":3,"57":3,"58":0,"59":0,"60":0,"61":0,"62":0,"63":0,"64":0,"65":0,"66":0,"67":0,"68":0,"69":1,"70":1,"71":1,"72":5,"73":1,"74":1},"f":{"0":0,"1":1,"2":3,"3":2,"4":4,"5":16,"6":11,"7":10,"8":2,"9":5,"10":3,"11":1,"12":5,"13":0,"14":2,"15":6,"16":0,"17":1},"b":{"0":[0],"1":[0],"2":[1,0],"3":[1,0],"4":[1,0],"5":[0],"6":[0],"7":[1,15],"8":[3,12],"9":[15,4],"10":[1,11],"11":[11],"12":[0,11],"13":[0],"14":[0],"15":[0],"16":[0],"17":[0,0],"18":[3,3],"19":[0,0],"20":[0,0]},"_coverageSchema":"1a1c01bbd47fc00a2c39e90264f33305004495a9","hash":"ecab029fadd644f99e71e9e834dc030bcfcce1a3"}
}
