TN:
SF:src/sensors.js
FN:18,createTestSensorData
FN:38,createTestSensorDatum
FN:53,createName
FN:58,formatName
FN:65,createLocation
FN:73,validateCoordinate
FN:98,createCoordinate
FN:117,randomInRange
FN:122,getRandomDirection
FN:133,createLatitude
FN:140,parseLongitudeLatitude
FN:170,formatLocation
FN:196,createLongitude
FN:204,validateTags
FN:216,formatTag
FN:223,truncateString
FN:233,formatTags
FN:258,createListOfTags
FNF:18
FNH:15
FNDA:0,createTestSensorData
FNDA:1,createTestSensorDatum
FNDA:3,createName
FNDA:2,formatName
FNDA:4,createLocation
FNDA:16,validateCoordinate
FNDA:11,createCoordinate
FNDA:10,randomInRange
FNDA:2,getRandomDirection
FNDA:5,createLatitude
FNDA:3,parseLongitudeLatitude
FNDA:1,formatLocation
FNDA:5,createLongitude
FNDA:0,validateTags
FNDA:2,formatTag
FNDA:6,truncateString
FNDA:0,formatTags
FNDA:1,createListOfTags
DA:11,1
DA:13,1
DA:16,1
DA:23,0
DA:25,0
DA:27,0
DA:32,0
DA:35,0
DA:46,1
DA:55,3
DA:60,2
DA:62,2
DA:70,4
DA:80,16
DA:82,16
DA:84,1
DA:86,15
DA:88,3
DA:90,12
DA:92,1
DA:95,16
DA:105,11
DA:107,11
DA:109,0
DA:111,0
DA:114,11
DA:119,10
DA:124,2
DA:126,2
DA:128,2
DA:130,2
DA:137,5
DA:144,3
DA:146,3
DA:148,3
DA:150,3
DA:152,3
DA:154,3
DA:156,3
DA:158,3
DA:160,3
DA:162,3
DA:172,1
DA:174,1
DA:176,1
DA:178,1
DA:180,1
DA:201,5
DA:206,0
DA:208,0
DA:210,0
DA:213,0
DA:218,2
DA:220,2
DA:225,6
DA:227,3
DA:230,3
DA:235,0
DA:237,0
DA:239,0
DA:241,0
DA:244,0
DA:246,0
DA:248,0
DA:250,0
DA:252,0
DA:255,0
DA:260,1
DA:262,1
DA:264,5
DA:267,1
DA:270,1
LF:72
LH:51
BRDA:19,0,0,0
BRDA:20,1,0,0
BRDA:47,2,0,1
BRDA:47,2,1,0
BRDA:48,3,0,1
BRDA:48,3,1,0
BRDA:49,4,0,1
BRDA:49,4,1,0
BRDA:66,5,0,0
BRDA:67,6,0,0
BRDA:82,7,0,1
BRDA:82,7,1,15
BRDA:86,8,0,3
BRDA:86,8,1,12
BRDA:86,9,0,15
BRDA:86,9,1,4
BRDA:90,10,0,1
BRDA:90,10,1,11
BRDA:102,11,0,11
BRDA:107,12,0,0
BRDA:107,12,1,11
BRDA:134,13,0,0
BRDA:135,14,0,0
BRDA:197,15,0,0
BRDA:198,16,0,0
BRDA:208,17,0,0
BRDA:208,17,1,0
BRDA:225,18,0,3
BRDA:225,18,1,3
BRDA:237,19,0,0
BRDA:237,19,1,0
BRDA:252,20,0,0
BRDA:252,20,1,0
BRF:33
BRH:15
end_of_record
